<testsuite failures="0" name="tests/projects.feature" skipped="0" tests="7" time="4.982648">
  <testcase classname="tests.projects" name="GET project success" time="0.968887">
    <system-out>* def path = 'pg58r9n6ff.execute-api.eu-west-1.amazonaws.com' ............. passed
* def existingProject = '435486' .......................................... passed
* def payload = read('../test_files/project_post_body.json') .............. passed
* def getResponse = read('../test_files/project_get_result.json') ......... passed
* set getResponse.id = 'https://' + path + '/v1/projects/435486' .......... passed
* def postResponse = read('../test_files/project_post_result.json') ....... passed
* copy patchPayload = payload ............................................. passed
Given url 'https://' + path + '/v1/projects' .............................. passed
* configure headers = ..................................................... passed
Given path existingProject ................................................ passed
When method get ........................................................... passed
Then status 200 ........................................................... passed
And match response == getResponse ......................................... passed</system-out>
  </testcase>
  <testcase classname="tests.projects" name="GET project wrong id" time="0.572626">
    <system-out>* def path = 'pg58r9n6ff.execute-api.eu-west-1.amazonaws.com' ............. passed
* def existingProject = '435486' .......................................... passed
* def payload = read('../test_files/project_post_body.json') .............. passed
* def getResponse = read('../test_files/project_get_result.json') ......... passed
* set getResponse.id = 'https://' + path + '/v1/projects/435486' .......... passed
* def postResponse = read('../test_files/project_post_result.json') ....... passed
* copy patchPayload = payload ............................................. passed
Given url 'https://' + path + '/v1/projects' .............................. passed
* configure headers = ..................................................... passed
Given path existingProject ................................................ passed
When method get ........................................................... passed
Then status 200 ........................................................... passed
And match response == getResponse ......................................... passed
* def path = 'pg58r9n6ff.execute-api.eu-west-1.amazonaws.com' ............. passed
* def existingProject = '435486' .......................................... passed
* def payload = read('../test_files/project_post_body.json') .............. passed
* def getResponse = read('../test_files/project_get_result.json') ......... passed
* set getResponse.id = 'https://' + path + '/v1/projects/435486' .......... passed
* def postResponse = read('../test_files/project_post_result.json') ....... passed
* copy patchPayload = payload ............................................. passed
Given url 'https://' + path + '/v1/projects' .............................. passed
* configure headers = ..................................................... passed
Given path '1234567890' ................................................... passed
When method get ........................................................... passed
Then status 400 ........................................................... passed
And match response.trace == '#uuid' ....................................... passed
And match response.messages == '#present' ................................. passed
And match response.status == 400 .......................................... passed</system-out>
  </testcase>
  <testcase classname="tests.projects" name="GET project not authenticated" time="0.274028">
    <system-out>* def path = 'pg58r9n6ff.execute-api.eu-west-1.amazonaws.com' ............. passed
* def existingProject = '435486' .......................................... passed
* def payload = read('../test_files/project_post_body.json') .............. passed
* def getResponse = read('../test_files/project_get_result.json') ......... passed
* set getResponse.id = 'https://' + path + '/v1/projects/435486' .......... passed
* def postResponse = read('../test_files/project_post_result.json') ....... passed
* copy patchPayload = payload ............................................. passed
Given url 'https://' + path + '/v1/projects' .............................. passed
* configure headers = ..................................................... passed
Given path existingProject ................................................ passed
When method get ........................................................... passed
Then status 200 ........................................................... passed
And match response == getResponse ......................................... passed
* def path = 'pg58r9n6ff.execute-api.eu-west-1.amazonaws.com' ............. passed
* def existingProject = '435486' .......................................... passed
* def payload = read('../test_files/project_post_body.json') .............. passed
* def getResponse = read('../test_files/project_get_result.json') ......... passed
* set getResponse.id = 'https://' + path + '/v1/projects/435486' .......... passed
* def postResponse = read('../test_files/project_post_result.json') ....... passed
* copy patchPayload = payload ............................................. passed
Given url 'https://' + path + '/v1/projects' .............................. passed
* configure headers = ..................................................... passed
Given path '1234567890' ................................................... passed
When method get ........................................................... passed
Then status 400 ........................................................... passed
And match response.trace == '#uuid' ....................................... passed
And match response.messages == '#present' ................................. passed
And match response.status == 400 .......................................... passed
* def path = 'pg58r9n6ff.execute-api.eu-west-1.amazonaws.com' ............. passed
* def existingProject = '435486' .......................................... passed
* def payload = read('../test_files/project_post_body.json') .............. passed
* def getResponse = read('../test_files/project_get_result.json') ......... passed
* set getResponse.id = 'https://' + path + '/v1/projects/435486' .......... passed
* def postResponse = read('../test_files/project_post_result.json') ....... passed
* copy patchPayload = payload ............................................. passed
Given url 'https://' + path + '/v1/projects' .............................. passed
* configure headers = ..................................................... passed
* configure headers = { 'Content-type': 'application/json' } .............. passed
Given path existingProject ................................................ passed
When method get ........................................................... passed
Then status 401 ........................................................... passed
And response.trace == '#uuid' ............................................. passed</system-out>
  </testcase>
  <testcase classname="tests.projects" name="POST new project" time="0.59566">
    <system-out>* def path = 'pg58r9n6ff.execute-api.eu-west-1.amazonaws.com' ............. passed
* def existingProject = '435486' .......................................... passed
* def payload = read('../test_files/project_post_body.json') .............. passed
* def getResponse = read('../test_files/project_get_result.json') ......... passed
* set getResponse.id = 'https://' + path + '/v1/projects/435486' .......... passed
* def postResponse = read('../test_files/project_post_result.json') ....... passed
* copy patchPayload = payload ............................................. passed
Given url 'https://' + path + '/v1/projects' .............................. passed
* configure headers = ..................................................... passed
Given path existingProject ................................................ passed
When method get ........................................................... passed
Then status 200 ........................................................... passed
And match response == getResponse ......................................... passed
* def path = 'pg58r9n6ff.execute-api.eu-west-1.amazonaws.com' ............. passed
* def existingProject = '435486' .......................................... passed
* def payload = read('../test_files/project_post_body.json') .............. passed
* def getResponse = read('../test_files/project_get_result.json') ......... passed
* set getResponse.id = 'https://' + path + '/v1/projects/435486' .......... passed
* def postResponse = read('../test_files/project_post_result.json') ....... passed
* copy patchPayload = payload ............................................. passed
Given url 'https://' + path + '/v1/projects' .............................. passed
* configure headers = ..................................................... passed
Given path '1234567890' ................................................... passed
When method get ........................................................... passed
Then status 400 ........................................................... passed
And match response.trace == '#uuid' ....................................... passed
And match response.messages == '#present' ................................. passed
And match response.status == 400 .......................................... passed
* def path = 'pg58r9n6ff.execute-api.eu-west-1.amazonaws.com' ............. passed
* def existingProject = '435486' .......................................... passed
* def payload = read('../test_files/project_post_body.json') .............. passed
* def getResponse = read('../test_files/project_get_result.json') ......... passed
* set getResponse.id = 'https://' + path + '/v1/projects/435486' .......... passed
* def postResponse = read('../test_files/project_post_result.json') ....... passed
* copy patchPayload = payload ............................................. passed
Given url 'https://' + path + '/v1/projects' .............................. passed
* configure headers = ..................................................... passed
* configure headers = { 'Content-type': 'application/json' } .............. passed
Given path existingProject ................................................ passed
When method get ........................................................... passed
Then status 401 ........................................................... passed
And response.trace == '#uuid' ............................................. passed
* def path = 'pg58r9n6ff.execute-api.eu-west-1.amazonaws.com' ............. passed
* def existingProject = '435486' .......................................... passed
* def payload = read('../test_files/project_post_body.json') .............. passed
* def getResponse = read('../test_files/project_get_result.json') ......... passed
* set getResponse.id = 'https://' + path + '/v1/projects/435486' .......... passed
* def postResponse = read('../test_files/project_post_result.json') ....... passed
* copy patchPayload = payload ............................................. passed
Given url 'https://' + path + '/v1/projects' .............................. passed
* configure headers = ..................................................... passed
Given path '/' ............................................................ passed
And request payload ....................................................... passed
When method post .......................................................... passed
Then status 201 ........................................................... passed
And match response == postResponse ........................................ passed</system-out>
  </testcase>
  <testcase classname="tests.projects" name="POST project not authenticated" time="0.231456">
    <system-out>* def path = 'pg58r9n6ff.execute-api.eu-west-1.amazonaws.com' ............. passed
* def existingProject = '435486' .......................................... passed
* def payload = read('../test_files/project_post_body.json') .............. passed
* def getResponse = read('../test_files/project_get_result.json') ......... passed
* set getResponse.id = 'https://' + path + '/v1/projects/435486' .......... passed
* def postResponse = read('../test_files/project_post_result.json') ....... passed
* copy patchPayload = payload ............................................. passed
Given url 'https://' + path + '/v1/projects' .............................. passed
* configure headers = ..................................................... passed
Given path existingProject ................................................ passed
When method get ........................................................... passed
Then status 200 ........................................................... passed
And match response == getResponse ......................................... passed
* def path = 'pg58r9n6ff.execute-api.eu-west-1.amazonaws.com' ............. passed
* def existingProject = '435486' .......................................... passed
* def payload = read('../test_files/project_post_body.json') .............. passed
* def getResponse = read('../test_files/project_get_result.json') ......... passed
* set getResponse.id = 'https://' + path + '/v1/projects/435486' .......... passed
* def postResponse = read('../test_files/project_post_result.json') ....... passed
* copy patchPayload = payload ............................................. passed
Given url 'https://' + path + '/v1/projects' .............................. passed
* configure headers = ..................................................... passed
Given path '1234567890' ................................................... passed
When method get ........................................................... passed
Then status 400 ........................................................... passed
And match response.trace == '#uuid' ....................................... passed
And match response.messages == '#present' ................................. passed
And match response.status == 400 .......................................... passed
* def path = 'pg58r9n6ff.execute-api.eu-west-1.amazonaws.com' ............. passed
* def existingProject = '435486' .......................................... passed
* def payload = read('../test_files/project_post_body.json') .............. passed
* def getResponse = read('../test_files/project_get_result.json') ......... passed
* set getResponse.id = 'https://' + path + '/v1/projects/435486' .......... passed
* def postResponse = read('../test_files/project_post_result.json') ....... passed
* copy patchPayload = payload ............................................. passed
Given url 'https://' + path + '/v1/projects' .............................. passed
* configure headers = ..................................................... passed
* configure headers = { 'Content-type': 'application/json' } .............. passed
Given path existingProject ................................................ passed
When method get ........................................................... passed
Then status 401 ........................................................... passed
And response.trace == '#uuid' ............................................. passed
* def path = 'pg58r9n6ff.execute-api.eu-west-1.amazonaws.com' ............. passed
* def existingProject = '435486' .......................................... passed
* def payload = read('../test_files/project_post_body.json') .............. passed
* def getResponse = read('../test_files/project_get_result.json') ......... passed
* set getResponse.id = 'https://' + path + '/v1/projects/435486' .......... passed
* def postResponse = read('../test_files/project_post_result.json') ....... passed
* copy patchPayload = payload ............................................. passed
Given url 'https://' + path + '/v1/projects' .............................. passed
* configure headers = ..................................................... passed
Given path '/' ............................................................ passed
And request payload ....................................................... passed
When method post .......................................................... passed
Then status 201 ........................................................... passed
And match response == postResponse ........................................ passed
* def path = 'pg58r9n6ff.execute-api.eu-west-1.amazonaws.com' ............. passed
* def existingProject = '435486' .......................................... passed
* def payload = read('../test_files/project_post_body.json') .............. passed
* def getResponse = read('../test_files/project_get_result.json') ......... passed
* set getResponse.id = 'https://' + path + '/v1/projects/435486' .......... passed
* def postResponse = read('../test_files/project_post_result.json') ....... passed
* copy patchPayload = payload ............................................. passed
Given url 'https://' + path + '/v1/projects' .............................. passed
* configure headers = ..................................................... passed
* configure headers = { 'Content-type': 'application/json' } .............. passed
Given path '/' ............................................................ passed
And request payload ....................................................... passed
When method post .......................................................... passed
Then status 401 ........................................................... passed
And response.trace == '#uuid' ............................................. passed</system-out>
  </testcase>
  <testcase classname="tests.projects" name="POST project missing field" time="0.2373">
    <system-out>* def path = 'pg58r9n6ff.execute-api.eu-west-1.amazonaws.com' ............. passed
* def existingProject = '435486' .......................................... passed
* def payload = read('../test_files/project_post_body.json') .............. passed
* def getResponse = read('../test_files/project_get_result.json') ......... passed
* set getResponse.id = 'https://' + path + '/v1/projects/435486' .......... passed
* def postResponse = read('../test_files/project_post_result.json') ....... passed
* copy patchPayload = payload ............................................. passed
Given url 'https://' + path + '/v1/projects' .............................. passed
* configure headers = ..................................................... passed
Given path existingProject ................................................ passed
When method get ........................................................... passed
Then status 200 ........................................................... passed
And match response == getResponse ......................................... passed
* def path = 'pg58r9n6ff.execute-api.eu-west-1.amazonaws.com' ............. passed
* def existingProject = '435486' .......................................... passed
* def payload = read('../test_files/project_post_body.json') .............. passed
* def getResponse = read('../test_files/project_get_result.json') ......... passed
* set getResponse.id = 'https://' + path + '/v1/projects/435486' .......... passed
* def postResponse = read('../test_files/project_post_result.json') ....... passed
* copy patchPayload = payload ............................................. passed
Given url 'https://' + path + '/v1/projects' .............................. passed
* configure headers = ..................................................... passed
Given path '1234567890' ................................................... passed
When method get ........................................................... passed
Then status 400 ........................................................... passed
And match response.trace == '#uuid' ....................................... passed
And match response.messages == '#present' ................................. passed
And match response.status == 400 .......................................... passed
* def path = 'pg58r9n6ff.execute-api.eu-west-1.amazonaws.com' ............. passed
* def existingProject = '435486' .......................................... passed
* def payload = read('../test_files/project_post_body.json') .............. passed
* def getResponse = read('../test_files/project_get_result.json') ......... passed
* set getResponse.id = 'https://' + path + '/v1/projects/435486' .......... passed
* def postResponse = read('../test_files/project_post_result.json') ....... passed
* copy patchPayload = payload ............................................. passed
Given url 'https://' + path + '/v1/projects' .............................. passed
* configure headers = ..................................................... passed
* configure headers = { 'Content-type': 'application/json' } .............. passed
Given path existingProject ................................................ passed
When method get ........................................................... passed
Then status 401 ........................................................... passed
And response.trace == '#uuid' ............................................. passed
* def path = 'pg58r9n6ff.execute-api.eu-west-1.amazonaws.com' ............. passed
* def existingProject = '435486' .......................................... passed
* def payload = read('../test_files/project_post_body.json') .............. passed
* def getResponse = read('../test_files/project_get_result.json') ......... passed
* set getResponse.id = 'https://' + path + '/v1/projects/435486' .......... passed
* def postResponse = read('../test_files/project_post_result.json') ....... passed
* copy patchPayload = payload ............................................. passed
Given url 'https://' + path + '/v1/projects' .............................. passed
* configure headers = ..................................................... passed
Given path '/' ............................................................ passed
And request payload ....................................................... passed
When method post .......................................................... passed
Then status 201 ........................................................... passed
And match response == postResponse ........................................ passed
* def path = 'pg58r9n6ff.execute-api.eu-west-1.amazonaws.com' ............. passed
* def existingProject = '435486' .......................................... passed
* def payload = read('../test_files/project_post_body.json') .............. passed
* def getResponse = read('../test_files/project_get_result.json') ......... passed
* set getResponse.id = 'https://' + path + '/v1/projects/435486' .......... passed
* def postResponse = read('../test_files/project_post_result.json') ....... passed
* copy patchPayload = payload ............................................. passed
Given url 'https://' + path + '/v1/projects' .............................. passed
* configure headers = ..................................................... passed
* configure headers = { 'Content-type': 'application/json' } .............. passed
Given path '/' ............................................................ passed
And request payload ....................................................... passed
When method post .......................................................... passed
Then status 401 ........................................................... passed
And response.trace == '#uuid' ............................................. passed
* def path = 'pg58r9n6ff.execute-api.eu-west-1.amazonaws.com' ............. passed
* def existingProject = '435486' .......................................... passed
* def payload = read('../test_files/project_post_body.json') .............. passed
* def getResponse = read('../test_files/project_get_result.json') ......... passed
* set getResponse.id = 'https://' + path + '/v1/projects/435486' .......... passed
* def postResponse = read('../test_files/project_post_result.json') ....... passed
* copy patchPayload = payload ............................................. passed
Given url 'https://' + path + '/v1/projects' .............................. passed
* configure headers = ..................................................... passed
* copy invalidPayload = payload ........................................... passed
* remove invalidPayload.title ............................................. passed
Given path '/' ............................................................ passed
And request invalidPayload ................................................ passed
When method post .......................................................... passed
Then status 502 ........................................................... passed</system-out>
  </testcase>
  <testcase classname="tests.projects" name="PATCH project" time="2.102691">
    <system-out>* def path = 'pg58r9n6ff.execute-api.eu-west-1.amazonaws.com' ............. passed
* def existingProject = '435486' .......................................... passed
* def payload = read('../test_files/project_post_body.json') .............. passed
* def getResponse = read('../test_files/project_get_result.json') ......... passed
* set getResponse.id = 'https://' + path + '/v1/projects/435486' .......... passed
* def postResponse = read('../test_files/project_post_result.json') ....... passed
* copy patchPayload = payload ............................................. passed
Given url 'https://' + path + '/v1/projects' .............................. passed
* configure headers = ..................................................... passed
Given path existingProject ................................................ passed
When method get ........................................................... passed
Then status 200 ........................................................... passed
And match response == getResponse ......................................... passed
* def path = 'pg58r9n6ff.execute-api.eu-west-1.amazonaws.com' ............. passed
* def existingProject = '435486' .......................................... passed
* def payload = read('../test_files/project_post_body.json') .............. passed
* def getResponse = read('../test_files/project_get_result.json') ......... passed
* set getResponse.id = 'https://' + path + '/v1/projects/435486' .......... passed
* def postResponse = read('../test_files/project_post_result.json') ....... passed
* copy patchPayload = payload ............................................. passed
Given url 'https://' + path + '/v1/projects' .............................. passed
* configure headers = ..................................................... passed
Given path '1234567890' ................................................... passed
When method get ........................................................... passed
Then status 400 ........................................................... passed
And match response.trace == '#uuid' ....................................... passed
And match response.messages == '#present' ................................. passed
And match response.status == 400 .......................................... passed
* def path = 'pg58r9n6ff.execute-api.eu-west-1.amazonaws.com' ............. passed
* def existingProject = '435486' .......................................... passed
* def payload = read('../test_files/project_post_body.json') .............. passed
* def getResponse = read('../test_files/project_get_result.json') ......... passed
* set getResponse.id = 'https://' + path + '/v1/projects/435486' .......... passed
* def postResponse = read('../test_files/project_post_result.json') ....... passed
* copy patchPayload = payload ............................................. passed
Given url 'https://' + path + '/v1/projects' .............................. passed
* configure headers = ..................................................... passed
* configure headers = { 'Content-type': 'application/json' } .............. passed
Given path existingProject ................................................ passed
When method get ........................................................... passed
Then status 401 ........................................................... passed
And response.trace == '#uuid' ............................................. passed
* def path = 'pg58r9n6ff.execute-api.eu-west-1.amazonaws.com' ............. passed
* def existingProject = '435486' .......................................... passed
* def payload = read('../test_files/project_post_body.json') .............. passed
* def getResponse = read('../test_files/project_get_result.json') ......... passed
* set getResponse.id = 'https://' + path + '/v1/projects/435486' .......... passed
* def postResponse = read('../test_files/project_post_result.json') ....... passed
* copy patchPayload = payload ............................................. passed
Given url 'https://' + path + '/v1/projects' .............................. passed
* configure headers = ..................................................... passed
Given path '/' ............................................................ passed
And request payload ....................................................... passed
When method post .......................................................... passed
Then status 201 ........................................................... passed
And match response == postResponse ........................................ passed
* def path = 'pg58r9n6ff.execute-api.eu-west-1.amazonaws.com' ............. passed
* def existingProject = '435486' .......................................... passed
* def payload = read('../test_files/project_post_body.json') .............. passed
* def getResponse = read('../test_files/project_get_result.json') ......... passed
* set getResponse.id = 'https://' + path + '/v1/projects/435486' .......... passed
* def postResponse = read('../test_files/project_post_result.json') ....... passed
* copy patchPayload = payload ............................................. passed
Given url 'https://' + path + '/v1/projects' .............................. passed
* configure headers = ..................................................... passed
* configure headers = { 'Content-type': 'application/json' } .............. passed
Given path '/' ............................................................ passed
And request payload ....................................................... passed
When method post .......................................................... passed
Then status 401 ........................................................... passed
And response.trace == '#uuid' ............................................. passed
* def path = 'pg58r9n6ff.execute-api.eu-west-1.amazonaws.com' ............. passed
* def existingProject = '435486' .......................................... passed
* def payload = read('../test_files/project_post_body.json') .............. passed
* def getResponse = read('../test_files/project_get_result.json') ......... passed
* set getResponse.id = 'https://' + path + '/v1/projects/435486' .......... passed
* def postResponse = read('../test_files/project_post_result.json') ....... passed
* copy patchPayload = payload ............................................. passed
Given url 'https://' + path + '/v1/projects' .............................. passed
* configure headers = ..................................................... passed
* copy invalidPayload = payload ........................................... passed
* remove invalidPayload.title ............................................. passed
Given path '/' ............................................................ passed
And request invalidPayload ................................................ passed
When method post .......................................................... passed
Then status 502 ........................................................... passed
* def path = 'pg58r9n6ff.execute-api.eu-west-1.amazonaws.com' ............. passed
* def existingProject = '435486' .......................................... passed
* def payload = read('../test_files/project_post_body.json') .............. passed
* def getResponse = read('../test_files/project_get_result.json') ......... passed
* set getResponse.id = 'https://' + path + '/v1/projects/435486' .......... passed
* def postResponse = read('../test_files/project_post_result.json') ....... passed
* copy patchPayload = payload ............................................. passed
Given url 'https://' + path + '/v1/projects' .............................. passed
* configure headers = ..................................................... passed
Given path '/' ............................................................ passed
And request payload ....................................................... passed
When method post .......................................................... passed
* karate.set('id', response.id.split('/').pop()) .......................... passed
Given path '/' + id ....................................................... passed
When method get ........................................................... passed
Then status 200 ........................................................... passed
* def changedTitle = ...................................................... passed
* set patchPayload.title = changedTitle ................................... passed
Given path '/' + id ....................................................... passed
And request patchPayload .................................................. passed
When method patch ......................................................... passed
Then status 204 ........................................................... passed
Given path '/' + id ....................................................... passed
When method get ........................................................... passed
Then status 200 ........................................................... passed
And match response.title == changedTitle .................................. passed</system-out>
  </testcase>
</testsuite>
